<?xml version="1.0" encoding="UTF-8"?>
<testsuite xmlns:xsi="http://www.w3.org/2001/XMLSchema-instance" xsi:noNamespaceSchemaLocation="https://maven.apache.org/surefire/maven-surefire-plugin/xsd/surefire-test-report.xsd" name="TestSuite" time="19.77" tests="4" errors="0" skipped="0" failures="0">
  <properties>
[...]
</properties>
  <testcase name="runScenario" classname="runner.TestRunner" time="3.946"/>
  <testcase name="runScenario" classname="runner.TestRunner" time="3.755"/>
  <testcase name="runScenario" classname="runner.TestRunner" time="3.286"/>
  <testcase name="runScenario" classname="runner.TestRunner" time="4.262"/>
</testsuite>